2023-07-08 18:18:20,709 [Worker-7: Loading available Gradle versions] INFO  o.e.b.c.i.u.g.PublishedGradleVersions - Gradle version information cache is up-to-date. Trying to read.
2023-07-08 18:18:48,545 [Worker-4: Loading available Gradle versions] INFO  o.e.b.c.i.u.g.PublishedGradleVersions - Gradle version information cache is up-to-date. Trying to read.
2023-07-26 11:04:06,248 [Worker-2: Loading available Gradle versions] INFO  o.e.b.c.i.u.g.PublishedGradleVersions - Gradle version information cache is up-to-date. Trying to read.
2023-07-26 11:05:48,629 [Worker-3: Importing Maven projects] INFO  o.e.m.c.i.l.LifecycleMappingFactory - Using org.eclipse.m2e.jdt.JarLifecycleMapping lifecycle mapping for MavenProject: GitHubDemo:GithubPractice:0.0.1-SNAPSHOT @ C:\GitHub\MyNewRepo\GithubPractice\pom.xml.
2023-07-26 11:05:50,525 [Worker-3: Importing Maven projects] INFO  o.e.m.j.i.AbstractJavaProjectConfigurator - Adding source folder /GithubPractice/src/main/java
2023-07-26 11:05:50,525 [Worker-3: Importing Maven projects] INFO  o.e.m.j.i.AbstractJavaProjectConfigurator - Adding resource folder /GithubPractice/src/main/resources
2023-07-26 11:05:50,527 [Worker-3: Importing Maven projects] INFO  o.e.m.j.i.AbstractJavaProjectConfigurator - Adding source folder /GithubPractice/src/test/java
2023-07-26 11:05:50,528 [Worker-3: Importing Maven projects] INFO  o.e.m.j.i.AbstractJavaProjectConfigurator - Adding resource folder /GithubPractice/src/test/resources
2023-07-26 11:05:50,867 [Worker-3: Importing Maven projects] INFO  o.e.m.c.i.p.ProjectConfigurationManager - Imported and configured 1 project(s) in 4 sec
2023-07-26 11:05:51,963 [Worker-10: Building] WARN  o.a.m.s.f.DefaultMavenResourcesFiltering - Using platform encoding (UTF-8 actually) to copy filtered resources, i.e. build is platform dependent!
2023-07-26 11:05:51,965 [Worker-10: Building] INFO  o.a.m.s.f.DefaultMavenResourcesFiltering - skip non existing resourceDirectory C:\GitHub\MyNewRepo\GithubPractice\src\main\resources
2023-07-26 11:05:51,971 [Worker-10: Building] WARN  o.a.m.s.f.DefaultMavenResourcesFiltering - Using platform encoding (UTF-8 actually) to copy filtered resources, i.e. build is platform dependent!
2023-07-26 11:05:51,971 [Worker-10: Building] INFO  o.a.m.s.f.DefaultMavenResourcesFiltering - skip non existing resourceDirectory C:\GitHub\MyNewRepo\GithubPractice\src\test\resources
2023-07-26 11:07:58,906 [Worker-10: Building] WARN  o.a.m.s.f.DefaultMavenResourcesFiltering - Using platform encoding (UTF-8 actually) to copy filtered resources, i.e. build is platform dependent!
2023-07-26 11:07:58,908 [Worker-10: Building] INFO  o.a.m.s.f.DefaultMavenResourcesFiltering - skip non existing resourceDirectory C:\GitHub\MyNewRepo\GithubPractice\src\main\resources
2023-07-26 11:07:58,911 [Worker-10: Building] WARN  o.a.m.s.f.DefaultMavenResourcesFiltering - Using platform encoding (UTF-8 actually) to copy filtered resources, i.e. build is platform dependent!
2023-07-26 11:07:58,912 [Worker-10: Building] INFO  o.a.m.s.f.DefaultMavenResourcesFiltering - skip non existing resourceDirectory C:\GitHub\MyNewRepo\GithubPractice\src\test\resources
2023-07-26 11:10:16,371 [Worker-3: Building] WARN  o.a.m.s.f.DefaultMavenResourcesFiltering - Using platform encoding (UTF-8 actually) to copy filtered resources, i.e. build is platform dependent!
2023-07-26 11:10:16,373 [Worker-3: Building] INFO  o.a.m.s.f.DefaultMavenResourcesFiltering - skip non existing resourceDirectory C:\GitHub\MyNewRepo\GithubPractice\src\main\resources
2023-07-26 11:10:16,376 [Worker-3: Building] WARN  o.a.m.s.f.DefaultMavenResourcesFiltering - Using platform encoding (UTF-8 actually) to copy filtered resources, i.e. build is platform dependent!
2023-07-26 11:10:16,378 [Worker-3: Building] INFO  o.a.m.s.f.DefaultMavenResourcesFiltering - skip non existing resourceDirectory C:\GitHub\MyNewRepo\GithubPractice\src\test\resources
2023-07-26 11:11:00,776 [Worker-10: Creating project "Cucumber_Project"] INFO  o.e.m.c.i.l.LifecycleMappingFactory - Using org.eclipse.m2e.jdt.JarLifecycleMapping lifecycle mapping for MavenProject: ZtoH:Cucumber_Project:0.0.1-SNAPSHOT @ C:\GitHub\MyNewRepo\Cucumber_Project\pom.xml.
2023-07-26 11:11:00,818 [Worker-10: Creating project "Cucumber_Project"] INFO  o.e.m.j.i.AbstractJavaProjectConfigurator - Adding source folder /Cucumber_Project/src/main/java
2023-07-26 11:11:00,818 [Worker-10: Creating project "Cucumber_Project"] INFO  o.e.m.j.i.AbstractJavaProjectConfigurator - Adding resource folder /Cucumber_Project/src/main/resources
2023-07-26 11:11:00,819 [Worker-10: Creating project "Cucumber_Project"] INFO  o.e.m.j.i.AbstractJavaProjectConfigurator - Adding source folder /Cucumber_Project/src/test/java
2023-07-26 11:11:00,819 [Worker-10: Creating project "Cucumber_Project"] INFO  o.e.m.j.i.AbstractJavaProjectConfigurator - Adding resource folder /Cucumber_Project/src/test/resources
2023-07-26 11:11:01,149 [Worker-3: Building] WARN  o.a.m.s.f.DefaultMavenResourcesFiltering - Using platform encoding (UTF-8 actually) to copy filtered resources, i.e. build is platform dependent!
2023-07-26 11:11:01,164 [Worker-3: Building] INFO  o.a.m.s.f.DefaultMavenResourcesFiltering - Copying 0 resource
2023-07-26 11:11:01,166 [Worker-3: Building] WARN  o.a.m.s.f.DefaultMavenResourcesFiltering - Using platform encoding (UTF-8 actually) to copy filtered resources, i.e. build is platform dependent!
2023-07-26 11:11:01,167 [Worker-3: Building] INFO  o.a.m.s.f.DefaultMavenResourcesFiltering - Copying 0 resource
2023-07-26 11:11:35,615 [Worker-10: Creating project "PlayWright_Project"] INFO  o.e.m.c.i.l.LifecycleMappingFactory - Using org.eclipse.m2e.jdt.JarLifecycleMapping lifecycle mapping for MavenProject: ZtoH:PlayWright_Project:0.0.1-SNAPSHOT @ C:\GitHub\MyNewRepo\PlayWright_Project\pom.xml.
2023-07-26 11:11:35,659 [Worker-10: Creating project "PlayWright_Project"] INFO  o.e.m.j.i.AbstractJavaProjectConfigurator - Adding source folder /PlayWright_Project/src/main/java
2023-07-26 11:11:35,660 [Worker-10: Creating project "PlayWright_Project"] INFO  o.e.m.j.i.AbstractJavaProjectConfigurator - Adding resource folder /PlayWright_Project/src/main/resources
2023-07-26 11:11:35,660 [Worker-10: Creating project "PlayWright_Project"] INFO  o.e.m.j.i.AbstractJavaProjectConfigurator - Adding source folder /PlayWright_Project/src/test/java
2023-07-26 11:11:35,661 [Worker-10: Creating project "PlayWright_Project"] INFO  o.e.m.j.i.AbstractJavaProjectConfigurator - Adding resource folder /PlayWright_Project/src/test/resources
2023-07-26 11:11:36,022 [Worker-8: Building] WARN  o.a.m.s.f.DefaultMavenResourcesFiltering - Using platform encoding (UTF-8 actually) to copy filtered resources, i.e. build is platform dependent!
2023-07-26 11:11:36,023 [Worker-8: Building] INFO  o.a.m.s.f.DefaultMavenResourcesFiltering - Copying 0 resource
2023-07-26 11:11:36,026 [Worker-8: Building] WARN  o.a.m.s.f.DefaultMavenResourcesFiltering - Using platform encoding (UTF-8 actually) to copy filtered resources, i.e. build is platform dependent!
2023-07-26 11:11:36,027 [Worker-8: Building] INFO  o.a.m.s.f.DefaultMavenResourcesFiltering - Copying 0 resource
2023-07-26 11:18:54,133 [Worker-18: Building] INFO  o.e.m.c.i.l.LifecycleMappingFactory - Using org.eclipse.m2e.jdt.JarLifecycleMapping lifecycle mapping for MavenProject: ZtoH:PlayWright_Project:0.0.1-SNAPSHOT @ C:\GitHub\MyNewRepo\PlayWright_Project\pom.xml.
2023-07-26 11:18:54,209 [Worker-18: Building] INFO  o.a.m.s.f.DefaultMavenResourcesFiltering - Copying 0 resource
2023-07-26 11:18:54,213 [Worker-18: Building] INFO  o.a.m.s.f.DefaultMavenResourcesFiltering - Copying 0 resource
2023-07-26 11:18:54,374 [Worker-20: Updating Maven Project] INFO  o.e.m.c.i.p.ProjectConfigurationManager - Update started
2023-07-26 11:18:54,422 [Worker-20: Updating Maven Project] INFO  o.e.m.c.i.l.LifecycleMappingFactory - Using org.eclipse.m2e.jdt.JarLifecycleMapping lifecycle mapping for MavenProject: ZtoH:PlayWright_Project:0.0.1-SNAPSHOT @ C:\GitHub\MyNewRepo\PlayWright_Project\pom.xml.
2023-07-26 11:18:54,494 [Worker-20: Updating Maven Project] INFO  o.e.m.j.i.AbstractJavaProjectConfigurator - Adding source folder /PlayWright_Project/src/main/java
2023-07-26 11:18:54,494 [Worker-20: Updating Maven Project] INFO  o.e.m.j.i.AbstractJavaProjectConfigurator - Adding resource folder /PlayWright_Project/src/main/resources
2023-07-26 11:18:54,499 [Worker-20: Updating Maven Project] INFO  o.e.m.j.i.AbstractJavaProjectConfigurator - Adding source folder /PlayWright_Project/src/test/java
2023-07-26 11:18:54,500 [Worker-20: Updating Maven Project] INFO  o.e.m.j.i.AbstractJavaProjectConfigurator - Adding resource folder /PlayWright_Project/src/test/resources
2023-07-26 11:18:54,624 [Worker-20: Updating Maven Project] INFO  o.e.m.c.i.p.ProjectConfigurationManager - Update completed for 1 poms: local refresh takes 0.00 sec, refresh facades takes 0.00 sec, update config takes 0.00 sec 
2023-07-26 11:18:55,364 [Worker-10: Building] INFO  o.a.m.s.f.DefaultMavenResourcesFiltering - Copying 0 resource
2023-07-26 11:18:55,367 [Worker-10: Building] INFO  o.a.m.s.f.DefaultMavenResourcesFiltering - Copying 0 resource
2023-07-26 11:19:32,150 [Worker-20: Building] INFO  o.a.m.s.f.DefaultMavenResourcesFiltering - Copying 0 resource
2023-07-26 11:19:32,154 [Worker-20: Building] INFO  o.a.m.s.f.DefaultMavenResourcesFiltering - Copying 0 resource
2023-07-26 11:29:53,646 [Worker-20: Building] INFO  o.a.m.s.f.DefaultMavenResourcesFiltering - Copying 0 resource
2023-07-26 11:29:53,649 [Worker-20: Building] INFO  o.a.m.s.f.DefaultMavenResourcesFiltering - Copying 0 resource
2023-07-26 11:30:54,042 [Worker-24: Building] INFO  o.a.m.s.f.DefaultMavenResourcesFiltering - Copying 0 resource
2023-07-26 11:30:54,044 [Worker-24: Building] INFO  o.a.m.s.f.DefaultMavenResourcesFiltering - Copying 0 resource
2023-07-26 11:34:06,207 [Worker-24: Building] INFO  o.e.m.c.i.l.LifecycleMappingFactory - Using org.eclipse.m2e.jdt.JarLifecycleMapping lifecycle mapping for MavenProject: ZtoH:PlayWright_Project:0.0.1-SNAPSHOT @ C:\GitHub\MyNewRepo\PlayWright_Project\pom.xml.
2023-07-26 11:34:06,312 [Worker-24: Building] INFO  o.a.m.s.f.DefaultMavenResourcesFiltering - Copying 0 resource
2023-07-26 11:34:06,328 [Worker-24: Building] INFO  o.a.m.s.f.DefaultMavenResourcesFiltering - Copying 0 resource
2023-07-26 11:34:07,505 [Worker-24: Building] INFO  o.e.m.c.i.l.LifecycleMappingFactory - Using org.eclipse.m2e.jdt.JarLifecycleMapping lifecycle mapping for MavenProject: ZtoH:PlayWright_Project:0.0.1-SNAPSHOT @ C:\GitHub\MyNewRepo\PlayWright_Project\pom.xml.
2023-07-26 11:34:07,557 [Worker-24: Building] INFO  o.a.m.s.f.DefaultMavenResourcesFiltering - Copying 0 resource
2023-07-26 11:34:07,560 [Worker-24: Building] INFO  o.a.m.s.f.DefaultMavenResourcesFiltering - Copying 0 resource
2023-07-26 11:35:06,087 [Worker-23: Building] INFO  o.e.m.c.i.l.LifecycleMappingFactory - Using org.eclipse.m2e.jdt.JarLifecycleMapping lifecycle mapping for MavenProject: ZtoH:Cucumber_Project:0.0.1-SNAPSHOT @ C:\GitHub\MyNewRepo\Cucumber_Project\pom.xml.
2023-07-26 11:35:06,115 [Worker-23: Building] WARN  o.a.m.s.f.DefaultMavenResourcesFiltering - Using platform encoding (UTF-8 actually) to copy filtered resources, i.e. build is platform dependent!
2023-07-26 11:35:06,116 [Worker-23: Building] INFO  o.a.m.s.f.DefaultMavenResourcesFiltering - Copying 0 resource
2023-07-26 11:35:06,118 [Worker-23: Building] WARN  o.a.m.s.f.DefaultMavenResourcesFiltering - Using platform encoding (UTF-8 actually) to copy filtered resources, i.e. build is platform dependent!
2023-07-26 11:35:06,119 [Worker-23: Building] INFO  o.a.m.s.f.DefaultMavenResourcesFiltering - Copying 0 resource
2023-07-26 11:35:06,254 [Worker-23: Building] WARN  o.a.m.s.f.DefaultMavenResourcesFiltering - Using platform encoding (UTF-8 actually) to copy filtered resources, i.e. build is platform dependent!
2023-07-26 11:35:06,255 [Worker-23: Building] INFO  o.a.m.s.f.DefaultMavenResourcesFiltering - skip non existing resourceDirectory C:\GitHub\MyNewRepo\GithubPractice\src\main\resources
2023-07-26 11:35:06,257 [Worker-23: Building] WARN  o.a.m.s.f.DefaultMavenResourcesFiltering - Using platform encoding (UTF-8 actually) to copy filtered resources, i.e. build is platform dependent!
2023-07-26 11:35:06,258 [Worker-23: Building] INFO  o.a.m.s.f.DefaultMavenResourcesFiltering - skip non existing resourceDirectory C:\GitHub\MyNewRepo\GithubPractice\src\test\resources
2023-07-26 11:41:14,814 [Worker-26: Building] INFO  o.a.m.s.f.DefaultMavenResourcesFiltering - Copying 0 resource
2023-07-26 11:41:14,817 [Worker-26: Building] INFO  o.a.m.s.f.DefaultMavenResourcesFiltering - Copying 0 resource
2023-07-26 11:42:58,150 [Worker-31: Building] INFO  o.a.m.s.f.DefaultMavenResourcesFiltering - Copying 0 resource
2023-07-26 11:42:58,151 [Worker-31: Building] INFO  o.a.m.s.f.DefaultMavenResourcesFiltering - Copying 0 resource
2023-07-26 11:44:58,209 [Worker-30: Building] INFO  o.a.m.s.f.DefaultMavenResourcesFiltering - Copying 0 resource
2023-07-26 11:44:58,211 [Worker-30: Building] INFO  o.a.m.s.f.DefaultMavenResourcesFiltering - Copying 0 resource
2023-07-26 11:47:10,929 [Worker-28: Building] INFO  o.a.m.s.f.DefaultMavenResourcesFiltering - Copying 0 resource
2023-07-26 11:47:10,929 [Worker-28: Building] INFO  o.a.m.s.f.DefaultMavenResourcesFiltering - Copying 0 resource
2023-07-26 11:57:46,518 [Worker-36: Building] INFO  o.a.m.s.f.DefaultMavenResourcesFiltering - Copying 0 resource
2023-07-26 11:57:46,520 [Worker-36: Building] INFO  o.a.m.s.f.DefaultMavenResourcesFiltering - Copying 0 resource
2023-07-26 11:58:09,546 [Worker-34: Building] INFO  o.a.m.s.f.DefaultMavenResourcesFiltering - Copying 0 resource
2023-07-26 11:58:09,548 [Worker-34: Building] INFO  o.a.m.s.f.DefaultMavenResourcesFiltering - Copying 0 resource
2023-07-26 11:58:29,320 [Worker-37: Building] INFO  o.a.m.s.f.DefaultMavenResourcesFiltering - Copying 0 resource
2023-07-26 11:58:29,322 [Worker-37: Building] INFO  o.a.m.s.f.DefaultMavenResourcesFiltering - Copying 0 resource
2023-07-26 12:06:16,937 [Worker-39: Building] INFO  o.a.m.s.f.DefaultMavenResourcesFiltering - Copying 0 resource
2023-07-26 12:06:16,939 [Worker-39: Building] INFO  o.a.m.s.f.DefaultMavenResourcesFiltering - Copying 0 resource
2023-07-26 12:06:25,328 [Worker-44: Building] INFO  o.a.m.s.f.DefaultMavenResourcesFiltering - Copying 0 resource
2023-07-26 12:06:25,332 [Worker-44: Building] INFO  o.a.m.s.f.DefaultMavenResourcesFiltering - Copying 0 resource
2023-07-26 12:06:36,700 [Worker-44: Building] INFO  o.a.m.s.f.DefaultMavenResourcesFiltering - Copying 0 resource
2023-07-26 12:06:36,702 [Worker-44: Building] INFO  o.a.m.s.f.DefaultMavenResourcesFiltering - Copying 0 resource
2023-07-26 12:15:24,999 [Worker-48: Building] INFO  o.a.m.s.f.DefaultMavenResourcesFiltering - Copying 0 resource
2023-07-26 12:15:24,999 [Worker-48: Building] INFO  o.a.m.s.f.DefaultMavenResourcesFiltering - Copying 0 resource
2023-07-26 12:17:57,324 [Worker-48: Building] INFO  o.a.m.s.f.DefaultMavenResourcesFiltering - Copying 0 resource
2023-07-26 12:17:57,326 [Worker-48: Building] INFO  o.a.m.s.f.DefaultMavenResourcesFiltering - Copying 0 resource
2023-07-26 13:09:28,563 [Worker-69: Building] INFO  o.a.m.s.f.DefaultMavenResourcesFiltering - Copying 0 resource
2023-07-26 13:09:28,565 [Worker-69: Building] INFO  o.a.m.s.f.DefaultMavenResourcesFiltering - Copying 0 resource
2023-07-26 13:09:36,254 [Worker-73: Building] INFO  o.a.m.s.f.DefaultMavenResourcesFiltering - Copying 0 resource
2023-07-26 13:09:36,257 [Worker-73: Building] INFO  o.a.m.s.f.DefaultMavenResourcesFiltering - Copying 0 resource
2023-07-26 13:10:02,122 [Worker-69: Building] INFO  o.a.m.s.f.DefaultMavenResourcesFiltering - Copying 0 resource
2023-07-26 13:10:02,124 [Worker-69: Building] INFO  o.a.m.s.f.DefaultMavenResourcesFiltering - Copying 0 resource
2023-07-26 13:11:57,910 [Worker-69: Building] WARN  o.a.m.s.f.DefaultMavenResourcesFiltering - Using platform encoding (UTF-8 actually) to copy filtered resources, i.e. build is platform dependent!
2023-07-26 13:11:57,911 [Worker-69: Building] INFO  o.a.m.s.f.DefaultMavenResourcesFiltering - skip non existing resourceDirectory C:\GitHub\MyNewRepo\GithubPractice\src\main\resources
2023-07-26 13:11:57,915 [Worker-69: Building] WARN  o.a.m.s.f.DefaultMavenResourcesFiltering - Using platform encoding (UTF-8 actually) to copy filtered resources, i.e. build is platform dependent!
2023-07-26 13:11:57,915 [Worker-69: Building] INFO  o.a.m.s.f.DefaultMavenResourcesFiltering - skip non existing resourceDirectory C:\GitHub\MyNewRepo\GithubPractice\src\test\resources
2023-07-26 13:43:16,416 [Worker-0: Loading available Gradle versions] INFO  o.e.b.c.i.u.g.PublishedGradleVersions - Gradle version information cache is up-to-date. Trying to read.
2023-07-26 13:48:12,294 [Worker-13: Building] INFO  o.a.m.s.f.DefaultMavenResourcesFiltering - Copying 0 resource
2023-07-26 13:48:12,302 [Worker-13: Building] INFO  o.a.m.s.f.DefaultMavenResourcesFiltering - Copying 0 resource
2023-07-26 13:49:17,077 [Worker-14: Building] INFO  o.a.m.s.f.DefaultMavenResourcesFiltering - Copying 0 resource
2023-07-26 13:49:17,082 [Worker-14: Building] INFO  o.a.m.s.f.DefaultMavenResourcesFiltering - Copying 0 resource
2023-07-26 13:55:38,943 [Worker-6: Building] INFO  o.a.m.s.f.DefaultMavenResourcesFiltering - Copying 0 resource
2023-07-26 13:55:38,945 [Worker-6: Building] INFO  o.a.m.s.f.DefaultMavenResourcesFiltering - Copying 0 resource
2023-07-26 13:58:17,638 [Worker-17: Building] INFO  o.a.m.s.f.DefaultMavenResourcesFiltering - Copying 0 resource
2023-07-26 13:58:17,641 [Worker-17: Building] INFO  o.a.m.s.f.DefaultMavenResourcesFiltering - Copying 0 resource
2023-07-26 14:00:19,032 [Worker-6: Building] INFO  o.e.m.c.i.l.LifecycleMappingFactory - Using org.eclipse.m2e.jdt.JarLifecycleMapping lifecycle mapping for MavenProject: ZtoH:PlayWright_Project:0.0.1-SNAPSHOT @ C:\GitHub\MyNewRepo\PlayWright_Project\pom.xml.
2023-07-26 14:00:19,229 [Worker-6: Building] INFO  o.a.m.s.f.DefaultMavenResourcesFiltering - Copying 0 resource
2023-07-26 14:00:19,233 [Worker-6: Building] INFO  o.a.m.s.f.DefaultMavenResourcesFiltering - Copying 0 resource
2023-07-26 14:02:27,857 [Worker-18: Launching QAFOX_RegisterAccount_TestCase] INFO  o.a.m.s.f.DefaultMavenResourcesFiltering - Copying 0 resource
2023-07-26 14:02:27,862 [Worker-18: Launching QAFOX_RegisterAccount_TestCase] INFO  o.a.m.s.f.DefaultMavenResourcesFiltering - Copying 0 resource
2023-07-26 14:05:01,770 [Worker-25: Launching QAFOX_RegisterAccount_TestCase] INFO  o.a.m.s.f.DefaultMavenResourcesFiltering - Copying 0 resource
2023-07-26 14:05:01,773 [Worker-25: Launching QAFOX_RegisterAccount_TestCase] INFO  o.a.m.s.f.DefaultMavenResourcesFiltering - Copying 0 resource
2023-07-26 14:12:21,061 [Worker-23: Launching QAFOX_RegisterAccount_TestCase] INFO  o.a.m.s.f.DefaultMavenResourcesFiltering - Copying 0 resource
2023-07-26 14:12:21,064 [Worker-23: Launching QAFOX_RegisterAccount_TestCase] INFO  o.a.m.s.f.DefaultMavenResourcesFiltering - Copying 0 resource
2023-07-26 14:14:44,642 [Worker-30: Launching QAFOX_RegisterAccount_TestCase] INFO  o.a.m.s.f.DefaultMavenResourcesFiltering - Copying 0 resource
2023-07-26 14:14:44,645 [Worker-30: Launching QAFOX_RegisterAccount_TestCase] INFO  o.a.m.s.f.DefaultMavenResourcesFiltering - Copying 0 resource
2023-07-26 14:18:09,380 [Worker-32: Launching QAFOX_RegisterAccount_TestCase] INFO  o.a.m.s.f.DefaultMavenResourcesFiltering - Copying 0 resource
2023-07-26 14:18:09,382 [Worker-32: Launching QAFOX_RegisterAccount_TestCase] INFO  o.a.m.s.f.DefaultMavenResourcesFiltering - Copying 0 resource
2023-07-26 14:20:23,306 [Worker-33: Launching QAFOX_RegisterAccount_TestCase] INFO  o.a.m.s.f.DefaultMavenResourcesFiltering - Copying 0 resource
2023-07-26 14:20:23,311 [Worker-33: Launching QAFOX_RegisterAccount_TestCase] INFO  o.a.m.s.f.DefaultMavenResourcesFiltering - Copying 0 resource
2023-07-26 14:22:05,981 [Worker-35: Building] INFO  o.a.m.s.f.DefaultMavenResourcesFiltering - Copying 0 resource
2023-07-26 14:22:05,984 [Worker-35: Building] INFO  o.a.m.s.f.DefaultMavenResourcesFiltering - Copying 0 resource
2023-07-26 14:24:48,389 [Worker-36: Building] INFO  o.a.m.s.f.DefaultMavenResourcesFiltering - Copying 0 resource
2023-07-26 14:24:48,394 [Worker-36: Building] INFO  o.a.m.s.f.DefaultMavenResourcesFiltering - Copying 0 resource
2023-07-26 14:27:54,870 [Worker-38: Building] INFO  o.e.m.c.i.l.LifecycleMappingFactory - Using org.eclipse.m2e.jdt.JarLifecycleMapping lifecycle mapping for MavenProject: GitHubDemo:GithubPractice:0.0.1-SNAPSHOT @ C:\GitHub\MyNewRepo\GithubPractice\pom.xml.
2023-07-26 14:27:55,406 [Worker-38: Building] WARN  o.a.m.s.f.DefaultMavenResourcesFiltering - Using platform encoding (UTF-8 actually) to copy filtered resources, i.e. build is platform dependent!
2023-07-26 14:27:55,408 [Worker-38: Building] INFO  o.a.m.s.f.DefaultMavenResourcesFiltering - skip non existing resourceDirectory C:\GitHub\MyNewRepo\GithubPractice\src\main\resources
2023-07-26 14:27:55,410 [Worker-38: Building] WARN  o.a.m.s.f.DefaultMavenResourcesFiltering - Using platform encoding (UTF-8 actually) to copy filtered resources, i.e. build is platform dependent!
2023-07-26 14:27:55,412 [Worker-38: Building] INFO  o.a.m.s.f.DefaultMavenResourcesFiltering - skip non existing resourceDirectory C:\GitHub\MyNewRepo\GithubPractice\src\test\resources
2023-07-26 14:28:31,432 [Worker-32: Launching QAFOX_RegisterAccount_TestCase] INFO  o.e.m.c.i.l.LifecycleMappingFactory - Using org.eclipse.m2e.jdt.JarLifecycleMapping lifecycle mapping for MavenProject: GitHubDemo:GithubPractice:0.0.1-SNAPSHOT @ C:\GitHub\MyNewRepo\GithubPractice\pom.xml.
2023-07-26 14:28:31,839 [Worker-32: Launching QAFOX_RegisterAccount_TestCase] WARN  o.a.m.s.f.DefaultMavenResourcesFiltering - Using platform encoding (UTF-8 actually) to copy filtered resources, i.e. build is platform dependent!
2023-07-26 14:28:31,840 [Worker-32: Launching QAFOX_RegisterAccount_TestCase] INFO  o.a.m.s.f.DefaultMavenResourcesFiltering - skip non existing resourceDirectory C:\GitHub\MyNewRepo\GithubPractice\src\main\resources
2023-07-26 14:28:31,842 [Worker-32: Launching QAFOX_RegisterAccount_TestCase] WARN  o.a.m.s.f.DefaultMavenResourcesFiltering - Using platform encoding (UTF-8 actually) to copy filtered resources, i.e. build is platform dependent!
2023-07-26 14:28:31,842 [Worker-32: Launching QAFOX_RegisterAccount_TestCase] INFO  o.a.m.s.f.DefaultMavenResourcesFiltering - skip non existing resourceDirectory C:\GitHub\MyNewRepo\GithubPractice\src\test\resources
2023-07-26 14:29:59,935 [Worker-36: Launching QAFOX_RegisterAccount_TestCase] WARN  o.a.m.s.f.DefaultMavenResourcesFiltering - Using platform encoding (UTF-8 actually) to copy filtered resources, i.e. build is platform dependent!
2023-07-26 14:29:59,936 [Worker-36: Launching QAFOX_RegisterAccount_TestCase] INFO  o.a.m.s.f.DefaultMavenResourcesFiltering - skip non existing resourceDirectory C:\GitHub\MyNewRepo\GithubPractice\src\main\resources
2023-07-26 14:29:59,939 [Worker-36: Launching QAFOX_RegisterAccount_TestCase] WARN  o.a.m.s.f.DefaultMavenResourcesFiltering - Using platform encoding (UTF-8 actually) to copy filtered resources, i.e. build is platform dependent!
2023-07-26 14:29:59,940 [Worker-36: Launching QAFOX_RegisterAccount_TestCase] INFO  o.a.m.s.f.DefaultMavenResourcesFiltering - skip non existing resourceDirectory C:\GitHub\MyNewRepo\GithubPractice\src\test\resources
2023-07-26 14:35:33,363 [Worker-46: Launching QAFOX_RegisterAccount_TestCase] WARN  o.a.m.s.f.DefaultMavenResourcesFiltering - Using platform encoding (UTF-8 actually) to copy filtered resources, i.e. build is platform dependent!
2023-07-26 14:35:33,363 [Worker-46: Launching QAFOX_RegisterAccount_TestCase] INFO  o.a.m.s.f.DefaultMavenResourcesFiltering - skip non existing resourceDirectory C:\GitHub\MyNewRepo\GithubPractice\src\main\resources
2023-07-26 14:35:33,363 [Worker-46: Launching QAFOX_RegisterAccount_TestCase] WARN  o.a.m.s.f.DefaultMavenResourcesFiltering - Using platform encoding (UTF-8 actually) to copy filtered resources, i.e. build is platform dependent!
2023-07-26 14:35:33,363 [Worker-46: Launching QAFOX_RegisterAccount_TestCase] INFO  o.a.m.s.f.DefaultMavenResourcesFiltering - skip non existing resourceDirectory C:\GitHub\MyNewRepo\GithubPractice\src\test\resources
2023-07-26 14:37:38,672 [Worker-52: Building] WARN  o.a.m.s.f.DefaultMavenResourcesFiltering - Using platform encoding (UTF-8 actually) to copy filtered resources, i.e. build is platform dependent!
2023-07-26 14:37:38,672 [Worker-52: Building] INFO  o.a.m.s.f.DefaultMavenResourcesFiltering - skip non existing resourceDirectory C:\GitHub\MyNewRepo\GithubPractice\src\main\resources
2023-07-26 14:37:38,681 [Worker-52: Building] WARN  o.a.m.s.f.DefaultMavenResourcesFiltering - Using platform encoding (UTF-8 actually) to copy filtered resources, i.e. build is platform dependent!
2023-07-26 14:37:38,681 [Worker-52: Building] INFO  o.a.m.s.f.DefaultMavenResourcesFiltering - skip non existing resourceDirectory C:\GitHub\MyNewRepo\GithubPractice\src\test\resources
2023-07-26 14:38:34,661 [Worker-47: Launching QAFOX_RegisterAccount_TestCase] WARN  o.a.m.s.f.DefaultMavenResourcesFiltering - Using platform encoding (UTF-8 actually) to copy filtered resources, i.e. build is platform dependent!
2023-07-26 14:38:34,662 [Worker-47: Launching QAFOX_RegisterAccount_TestCase] INFO  o.a.m.s.f.DefaultMavenResourcesFiltering - skip non existing resourceDirectory C:\GitHub\MyNewRepo\GithubPractice\src\main\resources
2023-07-26 14:38:34,664 [Worker-47: Launching QAFOX_RegisterAccount_TestCase] WARN  o.a.m.s.f.DefaultMavenResourcesFiltering - Using platform encoding (UTF-8 actually) to copy filtered resources, i.e. build is platform dependent!
2023-07-26 14:38:34,665 [Worker-47: Launching QAFOX_RegisterAccount_TestCase] INFO  o.a.m.s.f.DefaultMavenResourcesFiltering - skip non existing resourceDirectory C:\GitHub\MyNewRepo\GithubPractice\src\test\resources
2023-07-26 14:39:30,621 [Worker-46: Building] INFO  o.a.m.s.f.DefaultMavenResourcesFiltering - Copying 0 resource
2023-07-26 14:39:30,623 [Worker-46: Building] INFO  o.a.m.s.f.DefaultMavenResourcesFiltering - Copying 0 resource
2023-07-26 14:41:25,850 [Worker-46: Launching QAFOX_RegisterAccount_TestCase] INFO  o.a.m.s.f.DefaultMavenResourcesFiltering - Copying 0 resource
2023-07-26 14:41:25,853 [Worker-46: Launching QAFOX_RegisterAccount_TestCase] INFO  o.a.m.s.f.DefaultMavenResourcesFiltering - Copying 0 resource
2023-07-26 14:42:38,737 [Worker-54: Launching QAFOX_RegisterAccount_TestCase] INFO  o.a.m.s.f.DefaultMavenResourcesFiltering - Copying 0 resource
2023-07-26 14:42:38,740 [Worker-54: Launching QAFOX_RegisterAccount_TestCase] INFO  o.a.m.s.f.DefaultMavenResourcesFiltering - Copying 0 resource
2023-07-26 14:47:50,511 [Worker-47: Launching QAFOX_RegisterAccount_TestCase] INFO  o.a.m.s.f.DefaultMavenResourcesFiltering - Copying 0 resource
2023-07-26 14:47:50,514 [Worker-47: Launching QAFOX_RegisterAccount_TestCase] INFO  o.a.m.s.f.DefaultMavenResourcesFiltering - Copying 0 resource
2023-07-26 14:52:12,693 [Worker-47: Building] INFO  o.a.m.s.f.DefaultMavenResourcesFiltering - Copying 0 resource
2023-07-26 14:52:12,695 [Worker-47: Building] INFO  o.a.m.s.f.DefaultMavenResourcesFiltering - Copying 0 resource
